{
  "0 debug pnpm:scope": {
    "selected": 1
  },
  "1 debug pnpm:package-manifest": {
    "initial": {
      "name": "codenames",
      "version": "0.0.0",
      "private": true,
      "scripts": {
        "dev": "vite",
        "build": "vue-tsc --noEmit && vite build",
        "preview": "vite preview --port 5050",
        "typecheck": "vue-tsc --noEmit",
        "test:unit": "vite-jest --no-cache"
      },
      "dependencies": {
        "vue": "^3.2.22"
      },
      "devDependencies": {
        "@types/jest": "^27.0.3",
        "@types/node": "^16.11.10",
        "@vitejs/plugin-vue": "^1.10.0",
        "@vitejs/plugin-vue-jsx": "^1.3.0",
        "@vue/test-utils": "^2.0.0-rc.17",
        "jest": "27.4.3",
        "jest-environment-jsdom": "^27.4.3",
        "typescript": "~4.5.2",
        "vite": "^2.6.14",
        "vite-jest": "workspace:*",
        "vue-tsc": "^0.29.6"
      }
    },
    "prefix": "/home/saber/Code/codenames"
  },
  "2 debug pnpm:context": {
    "currentLockfileExists": false,
    "storeDir": "/home/saber/.pnpm-store/v3",
    "virtualStoreDir": "/home/saber/Code/codenames/node_modules/.pnpm"
  },
  "3 debug pnpm:stage": {
    "prefix": "/home/saber/Code/codenames",
    "stage": "resolution_started"
  },
  "4 error pnpm": {
    "code": "ERR_PNPM_NO_MATCHING_VERSION_INSIDE_WORKSPACE",
    "pkgsStack": [],
    "err": {
      "name": "pnpm",
      "message": "In : No matching version found for vite-jest@* inside the workspace",
      "code": "ERR_PNPM_NO_MATCHING_VERSION_INSIDE_WORKSPACE",
      "stack": "pnpm: In : No matching version found for vite-jest@* inside the workspace\n    at tryResolveFromWorkspace (/snapshot/dist/pnpm.cjs)\n    at resolveNpm (/snapshot/dist/pnpm.cjs)\n    at Object.resolve (/snapshot/dist/pnpm.cjs)\n    at /snapshot/dist/pnpm.cjs\n    at run (/snapshot/dist/pnpm.cjs)\n    at PQueue._tryToStartAnother (/snapshot/dist/pnpm.cjs)\n    at /snapshot/dist/pnpm.cjs\n    at new Promise (<anonymous>)\n    at PQueue.add (/snapshot/dist/pnpm.cjs)\n    at resolveAndFetch (/snapshot/dist/pnpm.cjs)"
    }
  }
}